#
# There is insufficient memory for the Java Runtime Environment to continue.
# Native memory allocation (malloc) failed to allocate 1550400 bytes for Chunk::new
# Possible reasons:
#   The system is out of physical RAM or swap space
#   The process is running with CompressedOops enabled, and the Java Heap may be blocking the growth of the native heap
# Possible solutions:
#   Reduce memory load on the system
#   Increase physical memory or swap space
#   Check if swap backing store is full
#   Decrease Java heap size (-Xmx/-Xms)
#   Decrease number of Java threads
#   Decrease Java thread stack sizes (-Xss)
#   Set larger code cache with -XX:ReservedCodeCacheSize=
#   JVM is running with Unscaled Compressed Oops mode in which the Java heap is
#     placed in the first 4GB address space. The Java Heap base address is the
#     maximum limit for the native heap growth. Please use -XX:HeapBaseMinAddress
#     to set the Java Heap base and to place the Java Heap above 4GB virtual address.
# This output file may be truncated or incomplete.
#
#  Out of Memory Error (arena.cpp:168), pid=23116, tid=10792
#
# JRE version: Java(TM) SE Runtime Environment (21.0.4+8) (build 21.0.4+8-LTS-274)
# Java VM: Java HotSpot(TM) 64-Bit Server VM (21.0.4+8-LTS-274, mixed mode, sharing, tiered, compressed oops, compressed class ptrs, g1 gc, windows-amd64)
# No core dump will be written. Minidumps are not enabled by default on client versions of Windows
#

---------------  S U M M A R Y ------------

Command Line: -javaagent:C:\Program Files\JetBrains\IntelliJ IDEA Community Edition 2024.1.2\lib\idea_rt.jar=60462:C:\Program Files\JetBrains\IntelliJ IDEA Community Edition 2024.1.2\bin -Dfile.encoding=UTF-8 -Dsun.stdout.encoding=UTF-8 -Dsun.stderr.encoding=UTF-8 com.SpringSecurity.SpringSecurity.SpringSecurityApplication

Host: AMD Ryzen 5 3500U with Radeon Vega Mobile Gfx  , 8 cores, 5G,  Windows 11 , 64 bit Build 26100 (10.0.26100.4202)
Time: Sun Jun 22 17:22:46 2025 India Standard Time elapsed time: 6.975179 seconds (0d 0h 0m 6s)

---------------  T H R E A D  ---------------

Current thread (0x000002070ae80b70):  JavaThread "C2 CompilerThread1" daemon [_thread_in_native, id=10792, stack(0x000000474af00000,0x000000474b000000) (1024K)]


Current CompileTask:
C2:   6975 2265       4       java.lang.invoke.MethodType::makeImpl (109 bytes)

Stack: [0x000000474af00000,0x000000474b000000]
Native frames: (J=compiled Java code, j=interpreted, Vv=VM code, C=native code)
V  [jvm.dll+0x6c8e59]
V  [jvm.dll+0x853181]
V  [jvm.dll+0x8556ae]
V  [jvm.dll+0x855d83]
V  [jvm.dll+0x27d526]
V  [jvm.dll+0xc4aad]
V  [jvm.dll+0xc4fe3]
V  [jvm.dll+0x3b400c]
V  [jvm.dll+0x3809a5]
V  [jvm.dll+0x37fe1a]
V  [jvm.dll+0x246280]
V  [jvm.dll+0x24585f]
V  [jvm.dll+0x1c69de]
V  [jvm.dll+0x254d49]
V  [jvm.dll+0x2532da]
V  [jvm.dll+0x3ed426]
V  [jvm.dll+0x7fd65b]
V  [jvm.dll+0x6c753d]
C  [ucrtbase.dll+0x37b0]
C  [KERNEL32.DLL+0x2e8d7]
C  [ntdll.dll+0x3c34c]


---------------  P R O C E S S  ---------------

Threads class SMR info:
_java_thread_list=0x000002070c508bc0, length=14, elements={
0x00000206a83feb80, 0x00000206c4b7da30, 0x00000206c4b7f200, 0x00000206c4b84110,
0x00000206c4b86fe0, 0x00000206c4b885b0, 0x00000206c4b8bb90, 0x00000206c4b99d80,
0x00000206c4b9b5f0, 0x00000206c4b47cf0, 0x000002070a1a2740, 0x000002070a547930,
0x000002070ae80b70, 0x000002070aee0990
}

Java Threads: ( => current thread )
  0x00000206a83feb80 JavaThread "main"                              [_thread_in_Java, id=19596, stack(0x0000004749500000,0x0000004749600000) (1024K)]
  0x00000206c4b7da30 JavaThread "Reference Handler"          daemon [_thread_blocked, id=26124, stack(0x0000004749d00000,0x0000004749e00000) (1024K)]
  0x00000206c4b7f200 JavaThread "Finalizer"                  daemon [_thread_blocked, id=1704, stack(0x0000004749e00000,0x0000004749f00000) (1024K)]
  0x00000206c4b84110 JavaThread "Signal Dispatcher"          daemon [_thread_blocked, id=7772, stack(0x0000004749f00000,0x000000474a000000) (1024K)]
  0x00000206c4b86fe0 JavaThread "Attach Listener"            daemon [_thread_blocked, id=11656, stack(0x000000474a000000,0x000000474a100000) (1024K)]
  0x00000206c4b885b0 JavaThread "Service Thread"             daemon [_thread_blocked, id=24728, stack(0x000000474a100000,0x000000474a200000) (1024K)]
  0x00000206c4b8bb90 JavaThread "Monitor Deflation Thread"   daemon [_thread_blocked, id=13256, stack(0x000000474a200000,0x000000474a300000) (1024K)]
  0x00000206c4b99d80 JavaThread "C2 CompilerThread0"         daemon [_thread_in_native, id=26676, stack(0x000000474a300000,0x000000474a400000) (1024K)]
  0x00000206c4b9b5f0 JavaThread "C1 CompilerThread0"         daemon [_thread_in_native, id=23880, stack(0x000000474a400000,0x000000474a500000) (1024K)]
  0x00000206c4b47cf0 JavaThread "Common-Cleaner"             daemon [_thread_blocked, id=2216, stack(0x000000474a500000,0x000000474a600000) (1024K)]
  0x000002070a1a2740 JavaThread "Monitor Ctrl-Break"         daemon [_thread_in_native, id=26920, stack(0x000000474a700000,0x000000474a800000) (1024K)]
  0x000002070a547930 JavaThread "Notification Thread"        daemon [_thread_blocked, id=10044, stack(0x000000474a800000,0x000000474a900000) (1024K)]
=>0x000002070ae80b70 JavaThread "C2 CompilerThread1"         daemon [_thread_in_native, id=10792, stack(0x000000474af00000,0x000000474b000000) (1024K)]
  0x000002070aee0990 JavaThread "C2 CompilerThread2"         daemon [_thread_blocked, id=8464, stack(0x000000474b000000,0x000000474b100000) (1024K)]
Total: 14

Other Threads:
  0x00000206c4b5f150 VMThread "VM Thread"                           [id=27768, stack(0x0000004749c00000,0x0000004749d00000) (1024K)]
  0x00000206c4b46350 WatcherThread "VM Periodic Task Thread"        [id=15804, stack(0x0000004749b00000,0x0000004749c00000) (1024K)]
  0x00000206a8448090 WorkerThread "GC Thread#0"                     [id=26052, stack(0x0000004749600000,0x0000004749700000) (1024K)]
  0x000002070ab57e50 WorkerThread "GC Thread#1"                     [id=20544, stack(0x000000474a600000,0x000000474a700000) (1024K)]
  0x000002070ad72c00 WorkerThread "GC Thread#2"                     [id=28620, stack(0x000000474a900000,0x000000474aa00000) (1024K)]
  0x000002070ab581f0 WorkerThread "GC Thread#3"                     [id=17528, stack(0x000000474aa00000,0x000000474ab00000) (1024K)]
  0x000002070ac8af20 WorkerThread "GC Thread#4"                     [id=15204, stack(0x000000474ab00000,0x000000474ac00000) (1024K)]
  0x000002070ac8b2c0 WorkerThread "GC Thread#5"                     [id=10720, stack(0x000000474ac00000,0x000000474ad00000) (1024K)]
  0x000002070ac8bef0 WorkerThread "GC Thread#6"                     [id=10012, stack(0x000000474ad00000,0x000000474ae00000) (1024K)]
  0x000002070ac8c290 WorkerThread "GC Thread#7"                     [id=14064, stack(0x000000474ae00000,0x000000474af00000) (1024K)]
  0x00000206a8454eb0 ConcurrentGCThread "G1 Main Marker"            [id=28576, stack(0x0000004749700000,0x0000004749800000) (1024K)]
  0x00000206a8457040 WorkerThread "G1 Conc#0"                       [id=14152, stack(0x0000004749800000,0x0000004749900000) (1024K)]
  0x00000206c4a14870 ConcurrentGCThread "G1 Refine#0"               [id=23168, stack(0x0000004749900000,0x0000004749a00000) (1024K)]
  0x00000206c4a15090 ConcurrentGCThread "G1 Service"                [id=18180, stack(0x0000004749a00000,0x0000004749b00000) (1024K)]
Total: 14

Threads with active compile tasks:
C2 CompilerThread0     7028 2334       4       java.lang.invoke.MethodType::methodType (69 bytes)
C2 CompilerThread1     7028 2265       4       java.lang.invoke.MethodType::makeImpl (109 bytes)
Total: 2

VM state: not at safepoint (normal execution)

VM Mutex/Monitor currently owned by a thread: None

Heap address: 0x00000000a0e00000, size: 1522 MB, Compressed Oops mode: 32-bit

CDS archive(s) mapped at: [0x00000206c5000000-0x00000206c5c90000-0x00000206c5c90000), size 13172736, SharedBaseAddress: 0x00000206c5000000, ArchiveRelocationMode: 1.
Compressed class space mapped at: 0x00000206c6000000-0x0000020706000000, reserved size: 1073741824
Narrow klass base: 0x00000206c5000000, Narrow klass shift: 0, Narrow klass range: 0x100000000

GC Precious Log:
 CardTable entry size: 512
 Card Set container configuration: InlinePtr #cards 5 size 8 Array Of Cards #cards 12 size 40 Howl #buckets 4 coarsen threshold 1843 Howl Bitmap #cards 512 size 80 coarsen threshold 460 Card regions per heap region 1 cards per card region 2048
 CPUs: 8 total, 8 available
 Memory: 6082M
 Large Page Support: Disabled
 NUMA Support: Disabled
 Compressed Oops: Enabled (32-bit)
 Heap Region Size: 1M
 Heap Min Capacity: 8M
 Heap Initial Capacity: 96M
 Heap Max Capacity: 1522M
 Pre-touch: Disabled
 Parallel Workers: 8
 Concurrent Workers: 2
 Concurrent Refinement Workers: 8
 Periodic GC: Disabled

Heap:
 garbage-first heap   total 98304K, used 28316K [0x00000000a0e00000, 0x0000000100000000)
  region size 1024K, 24 young (24576K), 3 survivors (3072K)
 Metaspace       used 20024K, committed 20416K, reserved 1114112K
  class space    used 2569K, committed 2752K, reserved 1048576K

Heap Regions: E=young(eden), S=young(survivor), O=old, HS=humongous(starts), HC=humongous(continues), CS=collection set, F=free, TAMS=top-at-mark-start, PB=parsable bottom
|   0|0x00000000a0e00000, 0x00000000a0f00000, 0x00000000a0f00000|100%| O|  |TAMS 0x00000000a0e00000| PB 0x00000000a0e00000| Untracked 
|   1|0x00000000a0f00000, 0x00000000a1000000, 0x00000000a1000000|100%| O|  |TAMS 0x00000000a0f00000| PB 0x00000000a0f00000| Untracked 
|   2|0x00000000a1000000, 0x00000000a1100000, 0x00000000a1100000|100%| O|  |TAMS 0x00000000a1000000| PB 0x00000000a1000000| Untracked 
|   3|0x00000000a1100000, 0x00000000a1200000, 0x00000000a1200000|100%| O|  |TAMS 0x00000000a1100000| PB 0x00000000a1100000| Untracked 
|   4|0x00000000a1200000, 0x00000000a1300000, 0x00000000a1300000|100%| O|  |TAMS 0x00000000a1200000| PB 0x00000000a1200000| Untracked 
|   5|0x00000000a1300000, 0x00000000a1400000, 0x00000000a1400000|100%| O|  |TAMS 0x00000000a1300000| PB 0x00000000a1300000| Untracked 
|   6|0x00000000a1400000, 0x00000000a1473f20, 0x00000000a1500000| 45%| O|  |TAMS 0x00000000a1400000| PB 0x00000000a1400000| Untracked 
|   7|0x00000000a1500000, 0x00000000a1500000, 0x00000000a1600000|  0%| F|  |TAMS 0x00000000a1500000| PB 0x00000000a1500000| Untracked 
|   8|0x00000000a1600000, 0x00000000a1600000, 0x00000000a1700000|  0%| F|  |TAMS 0x00000000a1600000| PB 0x00000000a1600000| Untracked 
|   9|0x00000000a1700000, 0x00000000a1700000, 0x00000000a1800000|  0%| F|  |TAMS 0x00000000a1700000| PB 0x00000000a1700000| Untracked 
|  10|0x00000000a1800000, 0x00000000a1800000, 0x00000000a1900000|  0%| F|  |TAMS 0x00000000a1800000| PB 0x00000000a1800000| Untracked 
|  11|0x00000000a1900000, 0x00000000a1900000, 0x00000000a1a00000|  0%| F|  |TAMS 0x00000000a1900000| PB 0x00000000a1900000| Untracked 
|  12|0x00000000a1a00000, 0x00000000a1a00000, 0x00000000a1b00000|  0%| F|  |TAMS 0x00000000a1a00000| PB 0x00000000a1a00000| Untracked 
|  13|0x00000000a1b00000, 0x00000000a1b00000, 0x00000000a1c00000|  0%| F|  |TAMS 0x00000000a1b00000| PB 0x00000000a1b00000| Untracked 
|  14|0x00000000a1c00000, 0x00000000a1c00000, 0x00000000a1d00000|  0%| F|  |TAMS 0x00000000a1c00000| PB 0x00000000a1c00000| Untracked 
|  15|0x00000000a1d00000, 0x00000000a1d00000, 0x00000000a1e00000|  0%| F|  |TAMS 0x00000000a1d00000| PB 0x00000000a1d00000| Untracked 
|  16|0x00000000a1e00000, 0x00000000a1e00000, 0x00000000a1f00000|  0%| F|  |TAMS 0x00000000a1e00000| PB 0x00000000a1e00000| Untracked 
|  17|0x00000000a1f00000, 0x00000000a1f00000, 0x00000000a2000000|  0%| F|  |TAMS 0x00000000a1f00000| PB 0x00000000a1f00000| Untracked 
|  18|0x00000000a2000000, 0x00000000a2000000, 0x00000000a2100000|  0%| F|  |TAMS 0x00000000a2000000| PB 0x00000000a2000000| Untracked 
|  19|0x00000000a2100000, 0x00000000a2100000, 0x00000000a2200000|  0%| F|  |TAMS 0x00000000a2100000| PB 0x00000000a2100000| Untracked 
|  20|0x00000000a2200000, 0x00000000a2200000, 0x00000000a2300000|  0%| F|  |TAMS 0x00000000a2200000| PB 0x00000000a2200000| Untracked 
|  21|0x00000000a2300000, 0x00000000a2300000, 0x00000000a2400000|  0%| F|  |TAMS 0x00000000a2300000| PB 0x00000000a2300000| Untracked 
|  22|0x00000000a2400000, 0x00000000a2400000, 0x00000000a2500000|  0%| F|  |TAMS 0x00000000a2400000| PB 0x00000000a2400000| Untracked 
|  23|0x00000000a2500000, 0x00000000a2500000, 0x00000000a2600000|  0%| F|  |TAMS 0x00000000a2500000| PB 0x00000000a2500000| Untracked 
|  24|0x00000000a2600000, 0x00000000a2600000, 0x00000000a2700000|  0%| F|  |TAMS 0x00000000a2600000| PB 0x00000000a2600000| Untracked 
|  25|0x00000000a2700000, 0x00000000a2700000, 0x00000000a2800000|  0%| F|  |TAMS 0x00000000a2700000| PB 0x00000000a2700000| Untracked 
|  26|0x00000000a2800000, 0x00000000a2800000, 0x00000000a2900000|  0%| F|  |TAMS 0x00000000a2800000| PB 0x00000000a2800000| Untracked 
|  27|0x00000000a2900000, 0x00000000a2900000, 0x00000000a2a00000|  0%| F|  |TAMS 0x00000000a2900000| PB 0x00000000a2900000| Untracked 
|  28|0x00000000a2a00000, 0x00000000a2a00000, 0x00000000a2b00000|  0%| F|  |TAMS 0x00000000a2a00000| PB 0x00000000a2a00000| Untracked 
|  29|0x00000000a2b00000, 0x00000000a2b00000, 0x00000000a2c00000|  0%| F|  |TAMS 0x00000000a2b00000| PB 0x00000000a2b00000| Untracked 
|  30|0x00000000a2c00000, 0x00000000a2c00000, 0x00000000a2d00000|  0%| F|  |TAMS 0x00000000a2c00000| PB 0x00000000a2c00000| Untracked 
|  31|0x00000000a2d00000, 0x00000000a2d00000, 0x00000000a2e00000|  0%| F|  |TAMS 0x00000000a2d00000| PB 0x00000000a2d00000| Untracked 
|  32|0x00000000a2e00000, 0x00000000a2e00000, 0x00000000a2f00000|  0%| F|  |TAMS 0x00000000a2e00000| PB 0x00000000a2e00000| Untracked 
|  33|0x00000000a2f00000, 0x00000000a2f00000, 0x00000000a3000000|  0%| F|  |TAMS 0x00000000a2f00000| PB 0x00000000a2f00000| Untracked 
|  34|0x00000000a3000000, 0x00000000a3000000, 0x00000000a3100000|  0%| F|  |TAMS 0x00000000a3000000| PB 0x00000000a3000000| Untracked 
|  35|0x00000000a3100000, 0x00000000a3100000, 0x00000000a3200000|  0%| F|  |TAMS 0x00000000a3100000| PB 0x00000000a3100000| Untracked 
|  36|0x00000000a3200000, 0x00000000a3200000, 0x00000000a3300000|  0%| F|  |TAMS 0x00000000a3200000| PB 0x00000000a3200000| Untracked 
|  37|0x00000000a3300000, 0x00000000a3300000, 0x00000000a3400000|  0%| F|  |TAMS 0x00000000a3300000| PB 0x00000000a3300000| Untracked 
|  38|0x00000000a3400000, 0x00000000a3400000, 0x00000000a3500000|  0%| F|  |TAMS 0x00000000a3400000| PB 0x00000000a3400000| Untracked 
|  39|0x00000000a3500000, 0x00000000a3500000, 0x00000000a3600000|  0%| F|  |TAMS 0x00000000a3500000| PB 0x00000000a3500000| Untracked 
|  40|0x00000000a3600000, 0x00000000a3600000, 0x00000000a3700000|  0%| F|  |TAMS 0x00000000a3600000| PB 0x00000000a3600000| Untracked 
|  41|0x00000000a3700000, 0x00000000a3700000, 0x00000000a3800000|  0%| F|  |TAMS 0x00000000a3700000| PB 0x00000000a3700000| Untracked 
|  42|0x00000000a3800000, 0x00000000a3800000, 0x00000000a3900000|  0%| F|  |TAMS 0x00000000a3800000| PB 0x00000000a3800000| Untracked 
|  43|0x00000000a3900000, 0x00000000a3900000, 0x00000000a3a00000|  0%| F|  |TAMS 0x00000000a3900000| PB 0x00000000a3900000| Untracked 
|  44|0x00000000a3a00000, 0x00000000a3a00000, 0x00000000a3b00000|  0%| F|  |TAMS 0x00000000a3a00000| PB 0x00000000a3a00000| Untracked 
|  45|0x00000000a3b00000, 0x00000000a3b00000, 0x00000000a3c00000|  0%| F|  |TAMS 0x00000000a3b00000| PB 0x00000000a3b00000| Untracked 
|  46|0x00000000a3c00000, 0x00000000a3c00000, 0x00000000a3d00000|  0%| F|  |TAMS 0x00000000a3c00000| PB 0x00000000a3c00000| Untracked 
|  47|0x00000000a3d00000, 0x00000000a3d00000, 0x00000000a3e00000|  0%| F|  |TAMS 0x00000000a3d00000| PB 0x00000000a3d00000| Untracked 
|  48|0x00000000a3e00000, 0x00000000a3e00000, 0x00000000a3f00000|  0%| F|  |TAMS 0x00000000a3e00000| PB 0x00000000a3e00000| Untracked 
|  49|0x00000000a3f00000, 0x00000000a3f00000, 0x00000000a4000000|  0%| F|  |TAMS 0x00000000a3f00000| PB 0x00000000a3f00000| Untracked 
|  50|0x00000000a4000000, 0x00000000a4000000, 0x00000000a4100000|  0%| F|  |TAMS 0x00000000a4000000| PB 0x00000000a4000000| Untracked 
|  51|0x00000000a4100000, 0x00000000a4100000, 0x00000000a4200000|  0%| F|  |TAMS 0x00000000a4100000| PB 0x00000000a4100000| Untracked 
|  52|0x00000000a4200000, 0x00000000a4200000, 0x00000000a4300000|  0%| F|  |TAMS 0x00000000a4200000| PB 0x00000000a4200000| Untracked 
|  53|0x00000000a4300000, 0x00000000a4300000, 0x00000000a4400000|  0%| F|  |TAMS 0x00000000a4300000| PB 0x00000000a4300000| Untracked 
|  54|0x00000000a4400000, 0x00000000a4400000, 0x00000000a4500000|  0%| F|  |TAMS 0x00000000a4400000| PB 0x00000000a4400000| Untracked 
|  55|0x00000000a4500000, 0x00000000a4500000, 0x00000000a4600000|  0%| F|  |TAMS 0x00000000a4500000| PB 0x00000000a4500000| Untracked 
|  56|0x00000000a4600000, 0x00000000a4600000, 0x00000000a4700000|  0%| F|  |TAMS 0x00000000a4600000| PB 0x00000000a4600000| Untracked 
|  57|0x00000000a4700000, 0x00000000a4700000, 0x00000000a4800000|  0%| F|  |TAMS 0x00000000a4700000| PB 0x00000000a4700000| Untracked 
|  58|0x00000000a4800000, 0x00000000a4800000, 0x00000000a4900000|  0%| F|  |TAMS 0x00000000a4800000| PB 0x00000000a4800000| Untracked 
|  59|0x00000000a4900000, 0x00000000a4900000, 0x00000000a4a00000|  0%| F|  |TAMS 0x00000000a4900000| PB 0x00000000a4900000| Untracked 
|  60|0x00000000a4a00000, 0x00000000a4a00000, 0x00000000a4b00000|  0%| F|  |TAMS 0x00000000a4a00000| PB 0x00000000a4a00000| Untracked 
|  61|0x00000000a4b00000, 0x00000000a4b00000, 0x00000000a4c00000|  0%| F|  |TAMS 0x00000000a4b00000| PB 0x00000000a4b00000| Untracked 
|  62|0x00000000a4c00000, 0x00000000a4c00000, 0x00000000a4d00000|  0%| F|  |TAMS 0x00000000a4c00000| PB 0x00000000a4c00000| Untracked 
|  63|0x00000000a4d00000, 0x00000000a4d00000, 0x00000000a4e00000|  0%| F|  |TAMS 0x00000000a4d00000| PB 0x00000000a4d00000| Untracked 
|  64|0x00000000a4e00000, 0x00000000a4e332e8, 0x00000000a4f00000| 19%| S|CS|TAMS 0x00000000a4e00000| PB 0x00000000a4e00000| Complete 
|  65|0x00000000a4f00000, 0x00000000a5000000, 0x00000000a5000000|100%| S|CS|TAMS 0x00000000a4f00000| PB 0x00000000a4f00000| Complete 
|  66|0x00000000a5000000, 0x00000000a5100000, 0x00000000a5100000|100%| S|CS|TAMS 0x00000000a5000000| PB 0x00000000a5000000| Complete 
|  67|0x00000000a5100000, 0x00000000a5100000, 0x00000000a5200000|  0%| F|  |TAMS 0x00000000a5100000| PB 0x00000000a5100000| Untracked 
|  68|0x00000000a5200000, 0x00000000a5200000, 0x00000000a5300000|  0%| F|  |TAMS 0x00000000a5200000| PB 0x00000000a5200000| Untracked 
|  69|0x00000000a5300000, 0x00000000a5300000, 0x00000000a5400000|  0%| F|  |TAMS 0x00000000a5300000| PB 0x00000000a5300000| Untracked 
|  70|0x00000000a5400000, 0x00000000a5400000, 0x00000000a5500000|  0%| F|  |TAMS 0x00000000a5400000| PB 0x00000000a5400000| Untracked 
|  71|0x00000000a5500000, 0x00000000a5500000, 0x00000000a5600000|  0%| F|  |TAMS 0x00000000a5500000| PB 0x00000000a5500000| Untracked 
|  72|0x00000000a5600000, 0x00000000a5600000, 0x00000000a5700000|  0%| F|  |TAMS 0x00000000a5600000| PB 0x00000000a5600000| Untracked 
|  73|0x00000000a5700000, 0x00000000a5700000, 0x00000000a5800000|  0%| F|  |TAMS 0x00000000a5700000| PB 0x00000000a5700000| Untracked 
|  74|0x00000000a5800000, 0x00000000a5800000, 0x00000000a5900000|  0%| F|  |TAMS 0x00000000a5800000| PB 0x00000000a5800000| Untracked 
|  75|0x00000000a5900000, 0x00000000a597e820, 0x00000000a5a00000| 49%| E|  |TAMS 0x00000000a5900000| PB 0x00000000a5900000| Complete 
|  76|0x00000000a5a00000, 0x00000000a5b00000, 0x00000000a5b00000|100%| E|CS|TAMS 0x00000000a5a00000| PB 0x00000000a5a00000| Complete 
|  77|0x00000000a5b00000, 0x00000000a5c00000, 0x00000000a5c00000|100%| E|CS|TAMS 0x00000000a5b00000| PB 0x00000000a5b00000| Complete 
|  78|0x00000000a5c00000, 0x00000000a5d00000, 0x00000000a5d00000|100%| E|CS|TAMS 0x00000000a5c00000| PB 0x00000000a5c00000| Complete 
|  79|0x00000000a5d00000, 0x00000000a5e00000, 0x00000000a5e00000|100%| E|CS|TAMS 0x00000000a5d00000| PB 0x00000000a5d00000| Complete 
|  80|0x00000000a5e00000, 0x00000000a5f00000, 0x00000000a5f00000|100%| E|CS|TAMS 0x00000000a5e00000| PB 0x00000000a5e00000| Complete 
|  81|0x00000000a5f00000, 0x00000000a6000000, 0x00000000a6000000|100%| E|CS|TAMS 0x00000000a5f00000| PB 0x00000000a5f00000| Complete 
|  82|0x00000000a6000000, 0x00000000a6100000, 0x00000000a6100000|100%| E|CS|TAMS 0x00000000a6000000| PB 0x00000000a6000000| Complete 
|  83|0x00000000a6100000, 0x00000000a6200000, 0x00000000a6200000|100%| E|CS|TAMS 0x00000000a6100000| PB 0x00000000a6100000| Complete 
|  84|0x00000000a6200000, 0x00000000a6300000, 0x00000000a6300000|100%| E|CS|TAMS 0x00000000a6200000| PB 0x00000000a6200000| Complete 
|  85|0x00000000a6300000, 0x00000000a6400000, 0x00000000a6400000|100%| E|CS|TAMS 0x00000000a6300000| PB 0x00000000a6300000| Complete 
|  86|0x00000000a6400000, 0x00000000a6500000, 0x00000000a6500000|100%| E|CS|TAMS 0x00000000a6400000| PB 0x00000000a6400000| Complete 
|  87|0x00000000a6500000, 0x00000000a6600000, 0x00000000a6600000|100%| E|CS|TAMS 0x00000000a6500000| PB 0x00000000a6500000| Complete 
|  88|0x00000000a6600000, 0x00000000a6700000, 0x00000000a6700000|100%| E|CS|TAMS 0x00000000a6600000| PB 0x00000000a6600000| Complete 
|  89|0x00000000a6700000, 0x00000000a6800000, 0x00000000a6800000|100%| E|CS|TAMS 0x00000000a6700000| PB 0x00000000a6700000| Complete 
|  90|0x00000000a6800000, 0x00000000a6900000, 0x00000000a6900000|100%| E|CS|TAMS 0x00000000a6800000| PB 0x00000000a6800000| Complete 
|  91|0x00000000a6900000, 0x00000000a6a00000, 0x00000000a6a00000|100%| E|CS|TAMS 0x00000000a6900000| PB 0x00000000a6900000| Complete 
|  92|0x00000000a6a00000, 0x00000000a6b00000, 0x00000000a6b00000|100%| E|  |TAMS 0x00000000a6a00000| PB 0x00000000a6a00000| Complete 
|  93|0x00000000a6b00000, 0x00000000a6c00000, 0x00000000a6c00000|100%| E|CS|TAMS 0x00000000a6b00000| PB 0x00000000a6b00000| Complete 
|  94|0x00000000a6c00000, 0x00000000a6d00000, 0x00000000a6d00000|100%| E|CS|TAMS 0x00000000a6c00000| PB 0x00000000a6c00000| Complete 
|  95|0x00000000a6d00000, 0x00000000a6e00000, 0x00000000a6e00000|100%| E|CS|TAMS 0x00000000a6d00000| PB 0x00000000a6d00000| Complete 

Card table byte_map: [0x00000206c0690000,0x00000206c0990000] _byte_map_base: 0x00000206c0189000

Marking Bits: (CMBitMap*) 0x00000206a8448790
 Bits: [0x00000206c0990000, 0x00000206c2158000)

Polling page: 0x00000206a6b60000

Metaspace:

Usage:
  Non-class:     17.05 MB used.
      Class:      2.51 MB used.
       Both:     19.56 MB used.

Virtual space:
  Non-class space:       64.00 MB reserved,      17.25 MB ( 27%) committed,  1 nodes.
      Class space:        1.00 GB reserved,       2.69 MB ( <1%) committed,  1 nodes.
             Both:        1.06 GB reserved,      19.94 MB (  2%) committed. 

Chunk freelists:
   Non-Class:  14.25 MB
       Class:  13.17 MB
        Both:  27.42 MB

MaxMetaspaceSize: unlimited
CompressedClassSpaceSize: 1.00 GB
Initial GC threshold: 21.00 MB
Current GC threshold: 21.00 MB
CDS: on
 - commit_granule_bytes: 65536.
 - commit_granule_words: 8192.
 - virtual_space_node_default_size: 8388608.
 - enlarge_chunks_in_place: 1.
 - use_allocation_guard: 0.


Internal statistics:

num_allocs_failed_limit: 0.
num_arena_births: 444.
num_arena_deaths: 0.
num_vsnodes_births: 2.
num_vsnodes_deaths: 0.
num_space_committed: 319.
num_space_uncommitted: 0.
num_chunks_returned_to_freelist: 0.
num_chunks_taken_from_freelist: 1103.
num_chunk_merges: 0.
num_chunk_splits: 740.
num_chunks_enlarged: 515.
num_inconsistent_stats: 0.

CodeHeap 'non-profiled nmethods': size=120000Kb used=946Kb max_used=946Kb free=119053Kb
 bounds [0x00000206b83f0000, 0x00000206b8660000, 0x00000206bf920000]
CodeHeap 'profiled nmethods': size=120000Kb used=4521Kb max_used=4521Kb free=115478Kb
 bounds [0x00000206b0920000, 0x00000206b0d90000, 0x00000206b7e50000]
CodeHeap 'non-nmethods': size=5760Kb used=1447Kb max_used=1486Kb free=4312Kb
 bounds [0x00000206b7e50000, 0x00000206b80c0000, 0x00000206b83f0000]
 total_blobs=2955 nmethods=2422 adapters=437
 compilation: enabled
              stopped_count=0, restarted_count=0
 full_count=0

Compilation events (20 events):
Event: 4.809 Thread 0x00000206c4b9b5f0 nmethod 2367 0x00000206b0d6f810 code [0x00000206b0d6f9c0, 0x00000206b0d6fc20]
Event: 4.809 Thread 0x00000206c4b9b5f0 2368       3       java.lang.Character::digit (10 bytes)
Event: 4.809 Thread 0x00000206c4b9b5f0 nmethod 2368 0x00000206b0d6fd10 code [0x00000206b0d6fec0, 0x00000206b0d700c8]
Event: 4.810 Thread 0x00000206c4b9b5f0 2369       3       java.lang.CharacterDataLatin1::digit (32 bytes)
Event: 4.810 Thread 0x00000206c4b9b5f0 nmethod 2369 0x00000206b0d70190 code [0x00000206b0d70340, 0x00000206b0d70598]
Event: 4.810 Thread 0x00000206c4b9b5f0 2370       3       java.util.ArrayDeque::addFirst (51 bytes)
Event: 4.811 Thread 0x00000206c4b9b5f0 nmethod 2370 0x00000206b0d70690 code [0x00000206b0d70860, 0x00000206b0d70d20]
Event: 4.813 Thread 0x00000206c4b9b5f0 2371       3       java.lang.Integer::parseInt (264 bytes)
Event: 4.817 Thread 0x00000206c4b9b5f0 nmethod 2371 0x00000206b0d70e90 code [0x00000206b0d71300, 0x00000206b0d730c0]
Event: 4.817 Thread 0x00000206c4b9b5f0 2374  s    3       java.io.ByteArrayOutputStream::write (43 bytes)
Event: 4.818 Thread 0x00000206c4b9b5f0 nmethod 2374 0x00000206b0d73d10 code [0x00000206b0d73f00, 0x00000206b0d743a8]
Event: 4.818 Thread 0x00000206c4b9b5f0 2372       3       java.math.BigInteger::destructiveMulAdd (150 bytes)
Event: 4.818 Thread 0x00000206c4b9b5f0 nmethod 2372 0x00000206b0d74590 code [0x00000206b0d74740, 0x00000206b0d74a88]
Event: 4.818 Thread 0x00000206c4b9b5f0 2373       3       jdk.internal.misc.Unsafe::getInt (7 bytes)
Event: 4.819 Thread 0x00000206c4b9b5f0 nmethod 2373 0x00000206b0d74c90 code [0x00000206b0d74e20, 0x00000206b0d74f38]
Event: 4.819 Thread 0x00000206c4b9b5f0 2375       1       sun.nio.fs.NativeBuffer::setOwner (6 bytes)
Event: 4.819 Thread 0x00000206c4b9b5f0 nmethod 2375 0x00000206b84c6890 code [0x00000206b84c6a20, 0x00000206b84c6b30]
Event: 4.819 Thread 0x00000206c4b9b5f0 2376       2       java.util.HashMap::put (13 bytes)
Event: 4.820 Thread 0x00000206c4b9b5f0 nmethod 2376 0x00000206b0d75010 code [0x00000206b0d751c0, 0x00000206b0d75370]
Event: 4.820 Thread 0x00000206c4b9b5f0 2378       3       java.math.BigInteger::<init> (404 bytes)

GC Heap History (4 events):
Event: 2.040 GC heap before
{Heap before GC invocations=0 (full 0):
 garbage-first heap   total 98304K, used 23552K [0x00000000a0e00000, 0x0000000100000000)
  region size 1024K, 23 young (23552K), 0 survivors (0K)
 Metaspace       used 7270K, committed 7616K, reserved 1114112K
  class space    used 918K, committed 1088K, reserved 1048576K
}
Event: 2.055 GC heap after
{Heap after GC invocations=1 (full 0):
 garbage-first heap   total 98304K, used 6656K [0x00000000a0e00000, 0x0000000100000000)
  region size 1024K, 3 young (3072K), 3 survivors (3072K)
 Metaspace       used 7270K, committed 7616K, reserved 1114112K
  class space    used 918K, committed 1088K, reserved 1048576K
}
Event: 4.237 GC heap before
{Heap before GC invocations=1 (full 0):
 garbage-first heap   total 98304K, used 33280K [0x00000000a0e00000, 0x0000000100000000)
  region size 1024K, 29 young (29696K), 3 survivors (3072K)
 Metaspace       used 14292K, committed 14656K, reserved 1114112K
  class space    used 1817K, committed 1984K, reserved 1048576K
}
Event: 4.244 GC heap after
{Heap after GC invocations=2 (full 0):
 garbage-first heap   total 98304K, used 8860K [0x00000000a0e00000, 0x0000000100000000)
  region size 1024K, 3 young (3072K), 3 survivors (3072K)
 Metaspace       used 14292K, committed 14656K, reserved 1114112K
  class space    used 1817K, committed 1984K, reserved 1048576K
}

Dll operation events (11 events):
Event: 0.028 Loaded shared library C:\Program Files\Java\jdk-21\bin\java.dll
Event: 0.089 Loaded shared library C:\Program Files\Java\jdk-21\bin\jsvml.dll
Event: 0.278 Loaded shared library C:\Program Files\Java\jdk-21\bin\zip.dll
Event: 0.287 Loaded shared library C:\Program Files\Java\jdk-21\bin\instrument.dll
Event: 0.300 Loaded shared library C:\Program Files\Java\jdk-21\bin\net.dll
Event: 0.305 Loaded shared library C:\Program Files\Java\jdk-21\bin\nio.dll
Event: 0.316 Loaded shared library C:\Program Files\Java\jdk-21\bin\zip.dll
Event: 0.560 Loaded shared library C:\Program Files\JetBrains\IntelliJ IDEA Community Edition 2024.1.2\bin\breakgen64.dll
Event: 0.586 Loaded shared library C:\Program Files\Java\jdk-21\bin\extnet.dll
Event: 0.688 Loaded shared library C:\Program Files\Java\jdk-21\bin\jimage.dll
Event: 4.787 Loaded shared library C:\Program Files\Java\jdk-21\bin\sunmscapi.dll

Deoptimization events (20 events):
Event: 4.804 Thread 0x00000206a83feb80 Uncommon trap: trap_request=0xffffff45 fr.pc=0x00000206b842f2bc relative=0x000000000000017c
Event: 4.804 Thread 0x00000206a83feb80 Uncommon trap: reason=unstable_if action=reinterpret pc=0x00000206b842f2bc method=java.util.zip.ZipCoder.hash(Ljava/lang/String;)I @ 23 c2
Event: 4.804 Thread 0x00000206a83feb80 DEOPT PACKING pc=0x00000206b842f2bc sp=0x00000047495fe340
Event: 4.804 Thread 0x00000206a83feb80 DEOPT UNPACKING pc=0x00000206b7ea46a2 sp=0x00000047495fe2c8 mode 2
Event: 4.804 Thread 0x00000206a83feb80 Uncommon trap: trap_request=0xffffff45 fr.pc=0x00000206b84ac9a8 relative=0x0000000000001648
Event: 4.804 Thread 0x00000206a83feb80 Uncommon trap: reason=unstable_if action=reinterpret pc=0x00000206b84ac9a8 method=java.util.zip.ZipCoder.hash(Ljava/lang/String;)I @ 23 c2
Event: 4.804 Thread 0x00000206a83feb80 DEOPT PACKING pc=0x00000206b84ac9a8 sp=0x00000047495fe3e0
Event: 4.804 Thread 0x00000206a83feb80 DEOPT UNPACKING pc=0x00000206b7ea46a2 sp=0x00000047495fe238 mode 2
Event: 4.809 Thread 0x00000206a83feb80 Uncommon trap: trap_request=0xffffff45 fr.pc=0x00000206b840bf4c relative=0x000000000000004c
Event: 4.809 Thread 0x00000206a83feb80 Uncommon trap: reason=unstable_if action=reinterpret pc=0x00000206b840bf4c method=sun.nio.fs.WindowsPathParser.isSlash(C)Z @ 9 c2
Event: 4.809 Thread 0x00000206a83feb80 DEOPT PACKING pc=0x00000206b840bf4c sp=0x00000047495fe560
Event: 4.809 Thread 0x00000206a83feb80 DEOPT UNPACKING pc=0x00000206b7ea46a2 sp=0x00000047495fe4e8 mode 2
Event: 4.814 Thread 0x000002070b0aebf0 Uncommon trap: trap_request=0xffffffde fr.pc=0x00000206b847638c relative=0x000000000000084c
Event: 4.814 Thread 0x000002070b0aebf0 Uncommon trap: reason=class_check action=maybe_recompile pc=0x00000206b847638c method=java.util.HashMap.putVal(ILjava/lang/Object;Ljava/lang/Object;ZZ)Ljava/lang/Object; @ 203 c2
Event: 4.815 Thread 0x000002070b0aebf0 DEOPT PACKING pc=0x00000206b847638c sp=0x000000474b1fcf80
Event: 4.815 Thread 0x000002070b0aebf0 DEOPT UNPACKING pc=0x00000206b7ea46a2 sp=0x000000474b1fcea8 mode 2
Event: 4.816 Thread 0x000002070b0aebf0 Uncommon trap: trap_request=0xffffffde fr.pc=0x00000206b847638c relative=0x000000000000084c
Event: 4.816 Thread 0x000002070b0aebf0 Uncommon trap: reason=class_check action=maybe_recompile pc=0x00000206b847638c method=java.util.HashMap.putVal(ILjava/lang/Object;Ljava/lang/Object;ZZ)Ljava/lang/Object; @ 203 c2
Event: 4.816 Thread 0x000002070b0aebf0 DEOPT PACKING pc=0x00000206b847638c sp=0x000000474b1fcf80
Event: 4.816 Thread 0x000002070b0aebf0 DEOPT UNPACKING pc=0x00000206b7ea46a2 sp=0x000000474b1fcea8 mode 2

Classes loaded (20 events):
Event: 4.813 Loading class java/nio/file/FileTreeWalker
Event: 4.814 Loading class java/nio/file/FileTreeWalker done
Event: 4.815 Loading class java/nio/file/FileTreeWalker$1
Event: 4.815 Loading class java/nio/file/FileTreeWalker$1 done
Event: 4.816 Loading class java/nio/file/Files$AcceptAllFilter
Event: 4.816 Loading class java/nio/file/DirectoryStream$Filter
Event: 4.816 Loading class java/nio/file/DirectoryStream$Filter done
Event: 4.816 Loading class java/nio/file/Files$AcceptAllFilter done
Event: 4.816 Loading class sun/nio/fs/WindowsDirectoryStream
Event: 4.816 Loading class java/nio/file/DirectoryStream
Event: 4.816 Loading class java/nio/file/DirectoryStream done
Event: 4.816 Loading class sun/nio/fs/WindowsDirectoryStream done
Event: 4.818 Loading class java/security/spec/ECFieldF2m
Event: 4.818 Loading class java/security/spec/ECFieldF2m done
Event: 4.825 Loading class sun/security/ssl/SunJSSE
Event: 4.959 Loading class java/nio/file/FileTreeWalker$DirectoryNode
Event: 5.824 Loading class java/nio/file/FileTreeWalker$DirectoryNode done
Event: 5.840 Loading class sun/nio/fs/WindowsDirectoryStream$WindowsDirectoryIterator
Event: 5.840 Loading class sun/security/ssl/SunJSSE done
Event: 6.851 Loading class sun/nio/fs/WindowsDirectoryStream$WindowsDirectoryIterator done

Classes unloaded (0 events):
No events

Classes redefined (0 events):
No events

Internal exceptions (20 events):
Event: 2.799 Thread 0x00000206a83feb80 Exception <a 'java/lang/NoSuchMethodError'{0x00000000a5f13150}: 'int java.lang.invoke.DirectMethodHandle$Holder.invokeSpecialIFC(java.lang.Object, java.lang.Object, java.lang.Object, java.lang.Object)'> (0x00000000a5f13150) 
thrown [s\open\src\hotspot\share\interpreter\linkResolver.cpp, line 773]
Event: 2.896 Thread 0x00000206a83feb80 Exception <a 'java/lang/NoSuchMethodError'{0x00000000a5efaa60}: 'void java.lang.invoke.DirectMethodHandle$Holder.invokeInterface(java.lang.Object, java.lang.Object, java.lang.Object)'> (0x00000000a5efaa60) 
thrown [s\open\src\hotspot\share\interpreter\linkResolver.cpp, line 773]
Event: 2.913 Thread 0x00000206a83feb80 Exception <a 'java/lang/NoSuchMethodError'{0x00000000a5d5cee8}: 'void java.lang.invoke.DirectMethodHandle$Holder.invokeStatic(java.lang.Object, java.lang.Object, int)'> (0x00000000a5d5cee8) 
thrown [s\open\src\hotspot\share\interpreter\linkResolver.cpp, line 773]
Event: 2.947 Thread 0x00000206a83feb80 Exception <a 'java/lang/NoSuchMethodError'{0x00000000a5dd7360}: 'void java.lang.invoke.DirectMethodHandle$Holder.invokeStaticInit(java.lang.Object, java.lang.Object, java.lang.Object)'> (0x00000000a5dd7360) 
thrown [s\open\src\hotspot\share\interpreter\linkResolver.cpp, line 773]
Event: 2.951 Thread 0x00000206a83feb80 Exception <a 'java/lang/NoSuchMethodError'{0x00000000a5de20c8}: 'java.lang.Object java.lang.invoke.DirectMethodHandle$Holder.invokeStaticInit(java.lang.Object, int)'> (0x00000000a5de20c8) 
thrown [s\open\src\hotspot\share\interpreter\linkResolver.cpp, line 773]
Event: 2.954 Thread 0x00000206a83feb80 Exception <a 'java/lang/NoSuchMethodError'{0x00000000a5dec050}: 'java.lang.Object java.lang.invoke.DirectMethodHandle$Holder.invokeStatic(java.lang.Object, int, java.lang.Object)'> (0x00000000a5dec050) 
thrown [s\open\src\hotspot\share\interpreter\linkResolver.cpp, line 773]
Event: 2.955 Thread 0x00000206a83feb80 Exception <a 'java/lang/NoSuchMethodError'{0x00000000a5def6a0}: 'java.lang.Object java.lang.invoke.DirectMethodHandle$Holder.invokeStaticInit(java.lang.Object, int, java.lang.Object)'> (0x00000000a5def6a0) 
thrown [s\open\src\hotspot\share\interpreter\linkResolver.cpp, line 773]
Event: 2.963 Thread 0x00000206a83feb80 Exception <a 'java/lang/NoSuchMethodError'{0x00000000a5c03df8}: 'java.lang.Object java.lang.invoke.DirectMethodHandle$Holder.invokeVirtual(java.lang.Object, java.lang.Object, java.lang.Object)'> (0x00000000a5c03df8) 
thrown [s\open\src\hotspot\share\interpreter\linkResolver.cpp, line 773]
Event: 2.981 Thread 0x00000206a83feb80 Exception <a 'java/lang/NoSuchMethodError'{0x00000000a5c76ef0}: 'java.lang.Object java.lang.invoke.DirectMethodHandle$Holder.newInvokeSpecial(java.lang.Object, java.lang.Object, java.lang.Object, java.lang.Object, java.lang.Object, java.lang.Object)'> (0x00000000a5c76ef0) 
thrown [s\open\src\hotspot\share\interpreter\linkResolver.cpp, line 773]
Event: 3.037 Thread 0x00000206a83feb80 Exception <a 'java/lang/NoSuchMethodError'{0x00000000a5b42b50}: 'java.lang.Object java.lang.invoke.Invokers$Holder.invoke_MT(java.lang.Object, java.lang.Object, java.lang.Object, java.lang.Object, java.lang.Object, java.lang.Object, java.lang.Object, java.lang.Object, java.lang.Object)'> (0x00000000a5b42b50) 
thrown [s\open\src\hotspot\share\interpreter\linkResolver.cpp, line 773]
Event: 3.038 Thread 0x000002070b0aebf0 Exception <a 'java/lang/NoClassDefFoundError'{0x00000000a5b75f38}: jakarta/validation/Validation> (0x00000000a5b75f38) 
thrown [s\open\src\hotspot\share\classfile\systemDictionary.cpp, line 301]
Event: 3.046 Thread 0x00000206a83feb80 Exception <a 'java/lang/NoSuchMethodError'{0x00000000a5bbc798}: 'java.lang.reflect.Field[] java.lang.Class.getDeclaredFields(java.lang.Class)'> (0x00000000a5bbc798) 
thrown [s\open\src\hotspot\share\interpreter\linkResolver.cpp, line 773]
Event: 3.072 Thread 0x00000206a83feb80 Exception <a 'java/lang/IncompatibleClassChangeError'{0x00000000a5a6d300}: Found class java.lang.Object, but interface was expected> (0x00000000a5a6d300) 
thrown [s\open\src\hotspot\share\interpreter\linkResolver.cpp, line 840]
Event: 4.589 Thread 0x000002070b0aebf0 Exception <a 'java/lang/NoSuchMethodError'{0x00000000a5fb8920}: 'long java.lang.invoke.DirectMethodHandle$Holder.invokeSpecial(java.lang.Object, java.lang.Object)'> (0x00000000a5fb8920) 
thrown [s\open\src\hotspot\share\interpreter\linkResolver.cpp, line 773]
Event: 4.593 Thread 0x000002070b0aebf0 Exception <a 'java/lang/NoSuchMethodError'{0x00000000a5fc2418}: 'long java.lang.invoke.DirectMethodHandle$Holder.invokeStatic(java.lang.Object, java.lang.Object)'> (0x00000000a5fc2418) 
thrown [s\open\src\hotspot\share\interpreter\linkResolver.cpp, line 773]
Event: 4.593 Thread 0x000002070b0aebf0 Exception <a 'java/lang/NoSuchMethodError'{0x00000000a5fc54d0}: 'long java.lang.invoke.DirectMethodHandle$Holder.invokeStaticInit(java.lang.Object, java.lang.Object)'> (0x00000000a5fc54d0) 
thrown [s\open\src\hotspot\share\interpreter\linkResolver.cpp, line 773]
Event: 4.598 Thread 0x000002070b0aebf0 Exception <a 'java/lang/NoSuchMethodError'{0x00000000a5fd15d0}: 'long java.lang.invoke.DirectMethodHandle$Holder.invokeInterface(java.lang.Object, java.lang.Object)'> (0x00000000a5fd15d0) 
thrown [s\open\src\hotspot\share\interpreter\linkResolver.cpp, line 773]
Event: 4.598 Thread 0x000002070b0aebf0 Exception <a 'java/lang/IncompatibleClassChangeError'{0x00000000a5fd45d0}: Found class java.lang.Object, but interface was expected> (0x00000000a5fd45d0) 
thrown [s\open\src\hotspot\share\interpreter\linkResolver.cpp, line 840]
Event: 4.609 Thread 0x000002070b0aebf0 Exception <a 'java/lang/NoSuchMethodError'{0x00000000a5fe9ba0}: 'java.lang.Object java.lang.invoke.DirectMethodHandle$Holder.invokeVirtual(java.lang.Object, java.lang.Object, java.lang.Object, java.lang.Object)'> (0x00000000a5fe9ba0) 
thrown [s\open\src\hotspot\share\interpreter\linkResolver.cpp, line 773]
Event: 4.811 Thread 0x00000206a83feb80 Exception <a 'java/lang/NoSuchMethodError'{0x00000000a5b52598}: 'int java.lang.invoke.DirectMethodHandle$Holder.invokeSpecial(java.lang.Object, java.lang.Object, java.lang.Object, java.lang.Object, java.lang.Object)'> (0x00000000a5b52598) 
thrown [s\open\src\hotspot\share\interpreter\linkResolver.cpp, line 773]

ZGC Phase Switch (0 events):
No events

VM Operations (20 events):
Event: 2.733 Executing VM operation: HandshakeAllThreads (Deoptimize)
Event: 2.733 Executing VM operation: HandshakeAllThreads (Deoptimize) done
Event: 2.752 Executing VM operation: HandshakeAllThreads (Deoptimize)
Event: 2.752 Executing VM operation: HandshakeAllThreads (Deoptimize) done
Event: 2.828 Executing VM operation: HandshakeAllThreads (Deoptimize)
Event: 2.828 Executing VM operation: HandshakeAllThreads (Deoptimize) done
Event: 2.878 Executing VM operation: ICBufferFull
Event: 2.878 Executing VM operation: ICBufferFull done
Event: 3.887 Executing VM operation: Cleanup
Event: 4.122 Executing VM operation: Cleanup done
Event: 4.237 Executing VM operation: G1CollectForAllocation (G1 Evacuation Pause)
Event: 4.244 Executing VM operation: G1CollectForAllocation (G1 Evacuation Pause) done
Event: 4.616 Executing VM operation: HandshakeAllThreads (Deoptimize)
Event: 4.616 Executing VM operation: HandshakeAllThreads (Deoptimize) done
Event: 4.759 Executing VM operation: HandshakeAllThreads (Deoptimize)
Event: 4.759 Executing VM operation: HandshakeAllThreads (Deoptimize) done
Event: 4.810 Executing VM operation: HandshakeAllThreads (Deoptimize)
Event: 4.810 Executing VM operation: HandshakeAllThreads (Deoptimize) done
Event: 5.823 Executing VM operation: Cleanup
Event: 5.840 Executing VM operation: Cleanup done

Events (20 events):
Event: 0.085 Thread 0x00000206c4b7da30 Thread added: 0x00000206c4b7da30
Event: 0.085 Thread 0x00000206c4b7f200 Thread added: 0x00000206c4b7f200
Event: 0.086 Thread 0x00000206c4b84110 Thread added: 0x00000206c4b84110
Event: 0.086 Thread 0x00000206c4b86fe0 Thread added: 0x00000206c4b86fe0
Event: 0.086 Thread 0x00000206c4b885b0 Thread added: 0x00000206c4b885b0
Event: 0.086 Thread 0x00000206c4b8bb90 Thread added: 0x00000206c4b8bb90
Event: 0.087 Thread 0x00000206c4b99d80 Thread added: 0x00000206c4b99d80
Event: 0.087 Thread 0x00000206c4b9b5f0 Thread added: 0x00000206c4b9b5f0
Event: 0.221 Thread 0x00000206c4b47cf0 Thread added: 0x00000206c4b47cf0
Event: 0.436 Thread 0x000002070a3d1110 Thread added: 0x000002070a3d1110
Event: 0.561 Thread 0x000002070a1a2740 Thread added: 0x000002070a1a2740
Event: 0.561 Thread 0x000002070a547930 Thread added: 0x000002070a547930
Event: 1.005 Thread 0x000002070a3d1110 Thread exited: 0x000002070a3d1110
Event: 1.472 Thread 0x000002070ab57e50 Thread added: 0x000002070ab57e50
Event: 2.014 Thread 0x000002070ab57e50 Thread exited: 0x000002070ab57e50
Event: 2.059 Thread 0x000002070ad70fb0 Thread added: 0x000002070ad70fb0
Event: 2.665 Thread 0x000002070ad70fb0 Thread exited: 0x000002070ad70fb0
Event: 2.894 Thread 0x000002070ae80b70 Thread added: 0x000002070ae80b70
Event: 3.007 Thread 0x000002070aee0990 Thread added: 0x000002070aee0990
Event: 3.031 Thread 0x000002070b0aebf0 Thread added: 0x000002070b0aebf0


Dynamic libraries:
0x00007ff78f130000 - 0x00007ff78f140000 	C:\Program Files\Java\jdk-21\bin\java.exe
0x00007ffa99280000 - 0x00007ffa994e5000 	C:\WINDOWS\SYSTEM32\ntdll.dll
0x00007ffa976e0000 - 0x00007ffa977a9000 	C:\WINDOWS\System32\KERNEL32.DLL
0x00007ffa96b90000 - 0x00007ffa96f78000 	C:\WINDOWS\System32\KERNELBASE.dll
0x00007ffa96600000 - 0x00007ffa9674b000 	C:\WINDOWS\System32\ucrtbase.dll
0x00007ffa90e60000 - 0x00007ffa90e7b000 	C:\Program Files\Java\jdk-21\bin\VCRUNTIME140.dll
0x00007ffa95ac0000 - 0x00007ffa95ad9000 	C:\Program Files\Java\jdk-21\bin\jli.dll
0x00007ffa98210000 - 0x00007ffa982c3000 	C:\WINDOWS\System32\ADVAPI32.dll
0x00007ffa977b0000 - 0x00007ffa97859000 	C:\WINDOWS\System32\msvcrt.dll
0x00007ffa983a0000 - 0x00007ffa98446000 	C:\WINDOWS\System32\sechost.dll
0x00007ffa98090000 - 0x00007ffa981a5000 	C:\WINDOWS\System32\RPCRT4.dll
0x00007ffa970d0000 - 0x00007ffa9729a000 	C:\WINDOWS\System32\USER32.dll
0x00007ffa96b60000 - 0x00007ffa96b87000 	C:\WINDOWS\System32\win32u.dll
0x00007ffa955d0000 - 0x00007ffa9586a000 	C:\WINDOWS\WinSxS\amd64_microsoft.windows.common-controls_6595b64144ccf1df_6.0.26100.4202_none_3e0698d4e335f517\COMCTL32.dll
0x00007ffa97860000 - 0x00007ffa9788b000 	C:\WINDOWS\System32\GDI32.dll
0x00007ffa96750000 - 0x00007ffa96887000 	C:\WINDOWS\System32\gdi32full.dll
0x00007ffa96550000 - 0x00007ffa965f3000 	C:\WINDOWS\System32\msvcp_win.dll
0x00007ffa8e510000 - 0x00007ffa8e51b000 	C:\WINDOWS\SYSTEM32\VERSION.dll
0x00007ffa982d0000 - 0x00007ffa98300000 	C:\WINDOWS\System32\IMM32.DLL
0x00007ffa8a770000 - 0x00007ffa8a77c000 	C:\Program Files\Java\jdk-21\bin\vcruntime140_1.dll
0x00007ffa8a6b0000 - 0x00007ffa8a73e000 	C:\Program Files\Java\jdk-21\bin\msvcp140.dll
0x00007ff9f5cc0000 - 0x00007ff9f69d3000 	C:\Program Files\Java\jdk-21\bin\server\jvm.dll
0x00007ffa972d0000 - 0x00007ffa97344000 	C:\WINDOWS\System32\WS2_32.dll
0x00007ffa96220000 - 0x00007ffa9627e000 	C:\WINDOWS\SYSTEM32\POWRPROF.dll
0x00007ffa8e4d0000 - 0x00007ffa8e505000 	C:\WINDOWS\SYSTEM32\WINMM.dll
0x00007ffa96200000 - 0x00007ffa96214000 	C:\WINDOWS\SYSTEM32\UMPDC.dll
0x00007ffa94860000 - 0x00007ffa9487b000 	C:\WINDOWS\SYSTEM32\kernel.appcore.dll
0x00007ffa8a760000 - 0x00007ffa8a76a000 	C:\Program Files\Java\jdk-21\bin\jimage.dll
0x00007ffa95b80000 - 0x00007ffa95dc1000 	C:\WINDOWS\SYSTEM32\DBGHELP.DLL
0x00007ffa98550000 - 0x00007ffa988d5000 	C:\WINDOWS\System32\combase.dll
0x00007ffa99150000 - 0x00007ffa99231000 	C:\WINDOWS\System32\OLEAUT32.dll
0x00007ffa95a70000 - 0x00007ffa95aa9000 	C:\WINDOWS\SYSTEM32\dbgcore.DLL
0x00007ffa96f80000 - 0x00007ffa97019000 	C:\WINDOWS\System32\bcryptPrimitives.dll
0x00007ffa7ae30000 - 0x00007ffa7ae3f000 	C:\Program Files\Java\jdk-21\bin\instrument.dll
0x00007ffa8a610000 - 0x00007ffa8a62f000 	C:\Program Files\Java\jdk-21\bin\java.dll
0x00007ffa97940000 - 0x00007ffa98082000 	C:\WINDOWS\System32\SHELL32.dll
0x00007ffa96920000 - 0x00007ffa96a94000 	C:\WINDOWS\System32\wintypes.dll
0x00007ffa93580000 - 0x00007ffa93dd8000 	C:\WINDOWS\SYSTEM32\windows.storage.dll
0x00007ffa988e0000 - 0x00007ffa989d1000 	C:\WINDOWS\System32\SHCORE.dll
0x00007ffa97040000 - 0x00007ffa970aa000 	C:\WINDOWS\System32\shlwapi.dll
0x00007ffa962e0000 - 0x00007ffa9630f000 	C:\WINDOWS\SYSTEM32\profapi.dll
0x00007ffa4e0e0000 - 0x00007ffa4e1b7000 	C:\Program Files\Java\jdk-21\bin\jsvml.dll
0x00007ffa8a5a0000 - 0x00007ffa8a5b8000 	C:\Program Files\Java\jdk-21\bin\zip.dll
0x00007ffa8a750000 - 0x00007ffa8a760000 	C:\Program Files\Java\jdk-21\bin\net.dll
0x00007ffa8e730000 - 0x00007ffa8e84e000 	C:\WINDOWS\SYSTEM32\WINHTTP.dll
0x00007ffa94d80000 - 0x00007ffa94dea000 	C:\WINDOWS\system32\mswsock.dll
0x00007ffa8a5f0000 - 0x00007ffa8a606000 	C:\Program Files\Java\jdk-21\bin\nio.dll
0x00007ffa75f50000 - 0x00007ffa75f6a000 	C:\Program Files\JetBrains\IntelliJ IDEA Community Edition 2024.1.2\bin\breakgen64.dll
0x00007ffa8a570000 - 0x00007ffa8a579000 	C:\Program Files\Java\jdk-21\bin\extnet.dll
0x00007ffa8a420000 - 0x00007ffa8a42e000 	C:\Program Files\Java\jdk-21\bin\sunmscapi.dll
0x00007ffa963d0000 - 0x00007ffa96547000 	C:\WINDOWS\System32\CRYPT32.dll
0x00007ffa95490000 - 0x00007ffa954c0000 	C:\WINDOWS\SYSTEM32\ncrypt.dll
0x00007ffa95370000 - 0x00007ffa953af000 	C:\WINDOWS\SYSTEM32\NTASN1.dll

dbghelp: loaded successfully - version: 4.0.5 - missing functions: none
symbol engine: initialized successfully - sym options: 0x614 - pdb path: .;C:\Program Files\Java\jdk-21\bin;C:\WINDOWS\SYSTEM32;C:\WINDOWS\WinSxS\amd64_microsoft.windows.common-controls_6595b64144ccf1df_6.0.26100.4202_none_3e0698d4e335f517;C:\Program Files\Java\jdk-21\bin\server;C:\Program Files\JetBrains\IntelliJ IDEA Community Edition 2024.1.2\bin

VM Arguments:
jvm_args: -javaagent:C:\Program Files\JetBrains\IntelliJ IDEA Community Edition 2024.1.2\lib\idea_rt.jar=60462:C:\Program Files\JetBrains\IntelliJ IDEA Community Edition 2024.1.2\bin -Dfile.encoding=UTF-8 -Dsun.stdout.encoding=UTF-8 -Dsun.stderr.encoding=UTF-8 
java_command: com.SpringSecurity.SpringSecurity.SpringSecurityApplication
java_class_path (initial): E:\SpringSecurity\SpringSecurity\target\classes;C:\Users\Bhupal Prajapati\.m2\repository\org\springframework\boot\spring-boot-starter-web\3.5.0\spring-boot-starter-web-3.5.0.jar;C:\Users\Bhupal Prajapati\.m2\repository\org\springframework\boot\spring-boot-starter\3.5.0\spring-boot-starter-3.5.0.jar;C:\Users\Bhupal Prajapati\.m2\repository\org\springframework\boot\spring-boot\3.5.0\spring-boot-3.5.0.jar;C:\Users\Bhupal Prajapati\.m2\repository\org\springframework\boot\spring-boot-autoconfigure\3.5.0\spring-boot-autoconfigure-3.5.0.jar;C:\Users\Bhupal Prajapati\.m2\repository\org\springframework\boot\spring-boot-starter-logging\3.5.0\spring-boot-starter-logging-3.5.0.jar;C:\Users\Bhupal Prajapati\.m2\repository\ch\qos\logback\logback-classic\1.5.18\logback-classic-1.5.18.jar;C:\Users\Bhupal Prajapati\.m2\repository\ch\qos\logback\logback-core\1.5.18\logback-core-1.5.18.jar;C:\Users\Bhupal Prajapati\.m2\repository\org\apache\logging\log4j\log4j-to-slf4j\2.24.3\log4j-to-slf4j-2.24.3.jar;C:\Users\Bhupal Prajapati\.m2\repository\org\apache\logging\log4j\log4j-api\2.24.3\log4j-api-2.24.3.jar;C:\Users\Bhupal Prajapati\.m2\repository\org\slf4j\jul-to-slf4j\2.0.17\jul-to-slf4j-2.0.17.jar;C:\Users\Bhupal Prajapati\.m2\repository\jakarta\annotation\jakarta.annotation-api\2.1.1\jakarta.annotation-api-2.1.1.jar;C:\Users\Bhupal Prajapati\.m2\repository\org\yaml\snakeyaml\2.4\snakeyaml-2.4.jar;C:\Users\Bhupal Prajapati\.m2\repository\org\springframework\boot\spring-boot-starter-json\3.5.0\spring-boot-starter-json-3.5.0.jar;C:\Users\Bhupal Prajapati\.m2\repository\com\fasterxml\jackson\core\jackson-databind\2.19.0\jackson-databind-2.19.0.jar;C:\Users\Bhupal Prajapati\.m2\repository\com\fasterxml\jackson\core\jackson-annotations\2.19.0\jackson-annotations-2.19.0.jar;C:\Users\Bhupal Prajapati\.m2\repository\com\fasterxml\jackson\core\jackson-core\2.19.0\jackson-core-2.19.0.jar;C:\Users\Bhupal Prajapati\.m2\repository\com\fasterxml\jackson\datatype\jackson-datatype-jdk8\2.19.0\jackson-datatype-jdk8-2.19.0.jar;C:\Users\Bhupal Prajapati\.m2\repository\com\fasterxml\jackson\datatype\jackson-datatype-jsr310\2.19.0\jackson-datatype-jsr310-2.19.0.jar;C:\Users\Bhupal Prajapati\.m2\repository\com\fasterxml\jackson\module\jackson-module-parameter-names\2.19.0\jackson-module-parameter-names-2.19.0.jar;C:\Users\Bhupal Prajapati\.m2\repository\org\springframework\boot\spring-boot-starter-tomcat\3.5.0\spring-boot-starter-tomcat-3.5.0.jar;C:\Users\Bhupal Prajapati\.m2\repository\org\apache\tomcat\embed\tomcat-embed-core\10.1.41\tomcat-embed-core-10.1.41.jar;C:\Users\Bhupal Prajapati\.m2\repository\org\apache\tomcat\embed\tomcat-embed-el\10.1.41\tomcat-embed-el-10.1.41.jar;C:\Users\Bhupal Prajapati\.m2\repository\org\apache\tomcat\embed\tomcat-embed-websocket\10.1.41\tomcat-embed-websocket-10.1.41.jar;C:\Users\Bhupal Prajapati\.m2\repository\org\springframework\spring-web\6.2.7\spring-web-6.2.7.jar;C:\Users\Bhupal Prajapati\.m2\repository\org\springframework\spring-beans\6.2.7\spring-beans-6.2.7.jar;C:\Users\Bhupal Prajapati\.m2\repository\io\micrometer\micrometer-observation\1.15.0\micrometer-observation-1.15.0.jar;C:\Users\Bhupal Prajapati\.m2\repository\io\micrometer\micrometer-commons\1.15.0\micrometer-commons-1.15.0.jar;C:\Users\Bhupal Prajapati\.m2\repository\org\springframework\spring-webmvc\6.2.7\spring-webmvc-6.2.7.jar;C:\Users\Bhupal Prajapati\.m2\repository\org\springframework\spring-context\6.2.7\spring-context-6.2.7.jar;C:\Users\Bhupal Prajapati\.m2\repository\org\springframework\spring-expression\6.2.7\spring-expression-6.2.7.jar;C:\Users\Bhupal Prajapati\.m2\repository\org\slf4j\slf4j-api\2.0.17\slf4j-api-2.0.17.jar;C:\Users\Bhupal Prajapati\.m2\repository\org\springframework\spring-core\6.2.7\spring-core-6.2.7.jar;C:\Users\Bhupal Prajapati\.m2\repository\org\springframework\spring-jcl\6.2.7\spring-jcl-6.2.7.jar;C:\Users\Bhupal Prajapati\.m2\repository\org\springframework\boot\spring-boot-starter-data-mongodb\3.5.0\spring-boot-starter-data-mongodb-3.5.0.jar;C:\Users\Bhupal Prajapati\.m2\repository\org\mongodb\mongodb-driver-sync\5.4.0\mongodb-driver-sync-5.4.0.jar;C:\Users\Bhupal Prajapati\.m2\repository\org\mongodb\bson\5.4.0\bson-5.4.0.jar;C:\Users\Bhupal Prajapati\.m2\repository\org\mongodb\mongodb-driver-core\5.4.0\mongodb-driver-core-5.4.0.jar;C:\Users\Bhupal Prajapati\.m2\repository\org\mongodb\bson-record-codec\5.4.0\bson-record-codec-5.4.0.jar;C:\Users\Bhupal Prajapati\.m2\repository\org\springframework\data\spring-data-mongodb\4.5.0\spring-data-mongodb-4.5.0.jar;C:\Users\Bhupal Prajapati\.m2\repository\org\springframework\spring-tx\6.2.7\spring-tx-6.2.7.jar;C:\Users\Bhupal Prajapati\.m2\repository\org\springframework\data\spring-data-commons\3.5.0\spring-data-commons-3.5.0.jar;C:\Users\Bhupal Prajapati\.m2\repository\org\springframework\boot\spring-boot-starter-thymeleaf\3.5.0\spring-boot-starter-thymeleaf-3.5.0.jar;C:\Users\Bhupal Prajapati\.m2\repository\org\thymeleaf\thymeleaf-spring6\3.1.3.RELEASE\thymeleaf-spring6-3.1.3.RELEASE.jar;C:\Users\Bhupal Prajapati\.m2\repository\org\thymeleaf\thymeleaf\3.1.3.RELEASE\thymeleaf-3.1.3.RELEASE.jar;C:\Users\Bhupal Prajapati\.m2\repository\org\attoparser\attoparser\2.0.7.RELEASE\attoparser-2.0.7.RELEASE.jar;C:\Users\Bhupal Prajapati\.m2\repository\org\unbescape\unbescape\1.1.6.RELEASE\unbescape-1.1.6.RELEASE.jar;C:\Users\Bhupal Prajapati\.m2\repository\org\springframework\boot\spring-boot-starter-security\3.5.0\spring-boot-starter-security-3.5.0.jar;C:\Users\Bhupal Prajapati\.m2\repository\org\springframework\spring-aop\6.2.7\spring-aop-6.2.7.jar;C:\Users\Bhupal Prajapati\.m2\repository\org\springframework\security\spring-security-config\6.5.0\spring-security-config-6.5.0.jar;C:\Users\Bhupal Prajapati\.m2\repository\org\springframework\security\spring-security-web\6.5.0\spring-security-web-6.5.0.jar;C:\Users\Bhupal Prajapati\.m2\repository\org\springframework\security\spring-security-core\6.5.0\spring-security-core-6.5.0.jar;C:\Users\Bhupal Prajapati\.m2\repository\org\springframework\security\spring-security-crypto\6.5.0\spring-security-crypto-6.5.0.jar
Launcher Type: SUN_STANDARD

[Global flags]
     intx CICompilerCount                          = 4                                         {product} {ergonomic}
     uint ConcGCThreads                            = 2                                         {product} {ergonomic}
     uint G1ConcRefinementThreads                  = 8                                         {product} {ergonomic}
   size_t G1HeapRegionSize                         = 1048576                                   {product} {ergonomic}
    uintx GCDrainStackTargetSize                   = 64                                        {product} {ergonomic}
   size_t InitialHeapSize                          = 100663296                                 {product} {ergonomic}
   size_t MarkStackSize                            = 4194304                                   {product} {ergonomic}
   size_t MaxHeapSize                              = 1595932672                                {product} {ergonomic}
   size_t MaxNewSize                               = 957349888                                 {product} {ergonomic}
   size_t MinHeapDeltaBytes                        = 1048576                                   {product} {ergonomic}
   size_t MinHeapSize                              = 8388608                                   {product} {ergonomic}
    uintx NonNMethodCodeHeapSize                   = 5839372                                {pd product} {ergonomic}
    uintx NonProfiledCodeHeapSize                  = 122909434                              {pd product} {ergonomic}
    uintx ProfiledCodeHeapSize                     = 122909434                              {pd product} {ergonomic}
    uintx ReservedCodeCacheSize                    = 251658240                              {pd product} {ergonomic}
     bool SegmentedCodeCache                       = true                                      {product} {ergonomic}
   size_t SoftMaxHeapSize                          = 1595932672                             {manageable} {ergonomic}
     bool UseCompressedOops                        = true                           {product lp64_product} {ergonomic}
     bool UseG1GC                                  = true                                      {product} {ergonomic}
     bool UseLargePagesIndividualAllocation        = false                                  {pd product} {ergonomic}

Logging:
Log output configuration:
 #0: stdout all=warning uptime,level,tags foldmultilines=false
 #1: stderr all=off uptime,level,tags foldmultilines=false

Environment Variables:
PATH=C:\Users\Bhupal Prajapati\AppData\Local\Programs\Python\Python310\Scripts\;C:\Users\Bhupal Prajapati\AppData\Local\Programs\Python\Python310\;C:\Python310\Scripts\;C:\Python310\;C:\Program Files\Common Files\Oracle\Java\javapath;C:\Program Files (x86)\Common Files\Oracle\Java\javapath;C:\WINDOWS\system32;C:\WINDOWS;C:\WINDOWS\System32\Wbem;C:\WINDOWS\System32\WindowsPowerShell\v1.0\;C:\WINDOWS\System32\OpenSSH\;C:\Program Files (x86)\MySQL\MySQL Server 5.2\bin;C:\Program Files\Java\jdk1.8.0_301\bin;C:\Program Files\MySQL\MySQL Server 8.0\bin;C:\Program Files\nodejs\;C:\ProgramData\chocolatey\bin;C:\Program Files\Git\cmd;C:\Program Files\Docker\Docker\resources\bin;C:\Program Files\MySQL\MySQL Shell 8.0\bin\;C:\Users\Bhupal Prajapati\AppData\Local\Microsoft\WindowsApps;;C:\Program Files\JetBrains\IntelliJ IDEA Community Edition 2024.1.2\bin;;C:\Users\Bhupal Prajapati\AppData\Local\Programs\Microsoft VS Code\bin;C:\Users\Bhupal Prajapati\AppData\Roaming\npm;C:\mongoShell\
USERNAME=Bhupal Prajapati
OS=Windows_NT
PROCESSOR_IDENTIFIER=AMD64 Family 23 Model 24 Stepping 1, AuthenticAMD
TMP=C:\Users\BHUPAL~1\AppData\Local\Temp
TEMP=C:\Users\BHUPAL~1\AppData\Local\Temp




Periodic native trim disabled

---------------  S Y S T E M  ---------------

OS:
 Windows 11 , 64 bit Build 26100 (10.0.26100.4202)
OS uptime: 3 days 17:56 hours
Hyper-V role detected

CPU: total 8 (initial active 8) (8 cores per cpu, 2 threads per core) family 23 model 24 stepping 1 microcode 0x8108109, cx8, cmov, fxsr, ht, mmx, 3dnowpref, sse, sse2, sse3, ssse3, sse4a, sse4.1, sse4.2, popcnt, lzcnt, tsc, tscinvbit, avx, avx2, aes, clmul, bmi1, bmi2, adx, sha, fma, vzeroupper, clflush, clflushopt, hv, rdtscp, f16c
Processor Information for all 8 processors :
  Max Mhz: 2100, Current Mhz: 2100, Mhz Limit: 2100

Memory: 4k page, system-wide physical 6082M (622M free)
TotalPageFile size 24514M (AvailPageFile size 21M)
current process WorkingSet (physical memory assigned to process): 138M, peak: 139M
current process commit charge ("private bytes"): 239M, peak: 239M

vm_info: Java HotSpot(TM) 64-Bit Server VM (21.0.4+8-LTS-274) for windows-amd64 JRE (21.0.4+8-LTS-274), built on 2024-06-05T05:23:33Z by "mach5one" with MS VC++ 17.6 (VS2022)

END.
